<?xml version="1.0" encoding="UTF-8"?>
<!-- Generated by org.testng.reporters.JUnitReportReporter -->
<testsuite hostname="SONY-PC" failures="0" tests="1" name="scripts.InvalidLogin" time="25.427" errors="0" timestamp="2023-02-16T20:23:14 IST" skipped="0">
  <testcase classname="scripts.InvalidLogin" name="testInvalidLogin" time="25.427"/>
  <system-out>
    <![CDATA[Err msg is displayed, true]]>
  </system-out>
</testsuite> <!-- scripts.InvalidLogin -->
